# JRE version: Java(TM) SE Runtime Environment (8.0_261-b12) (build 1.8.0_261-b12)
# Java VM: Java HotSpot(TM) 64-Bit Server VM (25.261-b12 mixed mode windows-amd64 compressed oops)
Heap:
 PSYoungGen      total 214016K, used 93298K [0x00000000d5f00000, 0x00000000e3d80000, 0x0000000100000000)
  eden space 205312K, 41% used [0x00000000d5f00000,0x00000000db1a2260,0x00000000e2780000)
  from space 8704K, 99% used [0x00000000e3500000,0x00000000e3d7a700,0x00000000e3d80000)
  to   space 10752K, 0% used [0x00000000e2880000,0x00000000e2880000,0x00000000e3300000)
 ParOldGen       total 53760K, used 7960K [0x0000000081c00000, 0x0000000085080000, 0x00000000d5f00000)
  object space 53760K, 14% used [0x0000000081c00000,0x00000000823c6350,0x0000000085080000)
 Metaspace       used 32017K, capacity 34114K, committed 34176K, reserved 1079296K
  class space    used 4038K, capacity 4435K, committed 4480K, reserved 1048576K
GC Heap History (10 events):
Event: 2.637 GC heap before
{Heap before GC invocations=5 (full 0):
 PSYoungGen      total 71680K, used 71345K [0x00000000d5f00000, 0x00000000daa00000, 0x0000000100000000)
  eden space 66560K, 99% used [0x00000000d5f00000,0x00000000d9ffe450,0x00000000da000000)
  from space 5120K, 93% used [0x00000000da500000,0x00000000da9ae210,0x00000000daa00000)
  to   space 5120K, 0% used [0x00000000da000000,0x00000000da000000,0x00000000da500000)
 ParOldGen       total 87552K, used 32K [0x0000000081c00000, 0x0000000087180000, 0x00000000d5f00000)
  object space 87552K, 0% used [0x0000000081c00000,0x0000000081c08000,0x0000000087180000)
 Metaspace       used 18277K, capacity 19040K, committed 19328K, reserved 1067008K
  class space    used 2216K, capacity 2411K, committed 2432K, reserved 1048576K
Event: 2.656 GC heap after
Heap after GC invocations=5 (full 0):
 PSYoungGen      total 71680K, used 5109K [0x00000000d5f00000, 0x00000000df100000, 0x0000000100000000)
  eden space 66560K, 0% used [0x00000000d5f00000,0x00000000d5f00000,0x00000000da000000)
  from space 5120K, 99% used [0x00000000da000000,0x00000000da4fd5b8,0x00000000da500000)
  to   space 8192K, 0% used [0x00000000de900000,0x00000000de900000,0x00000000df100000)
 ParOldGen       total 87552K, used 2887K [0x0000000081c00000, 0x0000000087180000, 0x00000000d5f00000)
  object space 87552K, 3% used [0x0000000081c00000,0x0000000081ed1cc0,0x0000000087180000)
 Metaspace       used 18277K, capacity 19040K, committed 19328K, reserved 1067008K
  class space    used 2216K, capacity 2411K, committed 2432K, reserved 1048576K
}
Event: 2.900 GC heap before
{Heap before GC invocations=6 (full 0):
 PSYoungGen      total 71680K, used 37928K [0x00000000d5f00000, 0x00000000df100000, 0x0000000100000000)
  eden space 66560K, 49% used [0x00000000d5f00000,0x00000000d7f0cc48,0x00000000da000000)
  from space 5120K, 99% used [0x00000000da000000,0x00000000da4fd5b8,0x00000000da500000)
  to   space 8192K, 0% used [0x00000000de900000,0x00000000de900000,0x00000000df100000)
 ParOldGen       total 87552K, used 2887K [0x0000000081c00000, 0x0000000087180000, 0x00000000d5f00000)
  object space 87552K, 3% used [0x0000000081c00000,0x0000000081ed1cc0,0x0000000087180000)
 Metaspace       used 20395K, capacity 21192K, committed 21296K, reserved 1069056K
  class space    used 2513K, capacity 2717K, committed 2816K, reserved 1048576K
Event: 2.910 GC heap after
Heap after GC invocations=6 (full 0):
 PSYoungGen      total 140800K, used 6383K [0x00000000d5f00000, 0x00000000df200000, 0x0000000100000000)
  eden space 132608K, 0% used [0x00000000d5f00000,0x00000000d5f00000,0x00000000de080000)
  from space 8192K, 77% used [0x00000000de900000,0x00000000def3be38,0x00000000df100000)
  to   space 8704K, 0% used [0x00000000de080000,0x00000000de080000,0x00000000de900000)
 ParOldGen       total 87552K, used 2895K [0x0000000081c00000, 0x0000000087180000, 0x00000000d5f00000)
  object space 87552K, 3% used [0x0000000081c00000,0x0000000081ed3cc0,0x0000000087180000)
 Metaspace       used 20395K, capacity 21192K, committed 21296K, reserved 1069056K
  class space    used 2513K, capacity 2717K, committed 2816K, reserved 1048576K
}
Event: 2.910 GC heap before
{Heap before GC invocations=7 (full 1):
 PSYoungGen      total 140800K, used 6383K [0x00000000d5f00000, 0x00000000df200000, 0x0000000100000000)
  eden space 132608K, 0% used [0x00000000d5f00000,0x00000000d5f00000,0x00000000de080000)
  from space 8192K, 77% used [0x00000000de900000,0x00000000def3be38,0x00000000df100000)
  to   space 8704K, 0% used [0x00000000de080000,0x00000000de080000,0x00000000de900000)
 ParOldGen       total 87552K, used 2895K [0x0000000081c00000, 0x0000000087180000, 0x00000000d5f00000)
  object space 87552K, 3% used [0x0000000081c00000,0x0000000081ed3cc0,0x0000000087180000)
 Metaspace       used 20395K, capacity 21192K, committed 21296K, reserved 1069056K
  class space    used 2513K, capacity 2717K, committed 2816K, reserved 1048576K
Event: 2.949 GC heap after
Heap after GC invocations=7 (full 1):
 PSYoungGen      total 140800K, used 0K [0x00000000d5f00000, 0x00000000df200000, 0x0000000100000000)
  eden space 132608K, 0% used [0x00000000d5f00000,0x00000000d5f00000,0x00000000de080000)
  from space 8192K, 0% used [0x00000000de900000,0x00000000de900000,0x00000000df100000)
  to   space 8704K, 0% used [0x00000000de080000,0x00000000de080000,0x00000000de900000)
 ParOldGen       total 53760K, used 6140K [0x0000000081c00000, 0x0000000085080000, 0x00000000d5f00000)
  object space 53760K, 11% used [0x0000000081c00000,0x00000000821ff030,0x0000000085080000)
 Metaspace       used 20395K, capacity 21192K, committed 21296K, reserved 1069056K
  class space    used 2513K, capacity 2717K, committed 2816K, reserved 1048576K
}
Event: 4.534 GC heap before
{Heap before GC invocations=8 (full 1):
 PSYoungGen      total 140800K, used 132608K [0x00000000d5f00000, 0x00000000df200000, 0x0000000100000000)
  eden space 132608K, 100% used [0x00000000d5f00000,0x00000000de080000,0x00000000de080000)
  from space 8192K, 0% used [0x00000000de900000,0x00000000de900000,0x00000000df100000)
  to   space 8704K, 0% used [0x00000000de080000,0x00000000de080000,0x00000000de900000)
 ParOldGen       total 53760K, used 6140K [0x0000000081c00000, 0x0000000085080000, 0x00000000d5f00000)
  object space 53760K, 11% used [0x0000000081c00000,0x00000000821ff030,0x0000000085080000)
 Metaspace       used 24007K, capacity 25208K, committed 25344K, reserved 1071104K
  class space    used 2967K, capacity 3258K, committed 3328K, reserved 1048576K
Event: 4.544 GC heap after
Heap after GC invocations=8 (full 1):
 PSYoungGen      total 141312K, used 6615K [0x00000000d5f00000, 0x00000000e3d80000, 0x0000000100000000)
  eden space 132608K, 0% used [0x00000000d5f00000,0x00000000d5f00000,0x00000000de080000)
  from space 8704K, 76% used [0x00000000de080000,0x00000000de6f5f38,0x00000000de900000)
  to   space 8704K, 0% used [0x00000000e3500000,0x00000000e3500000,0x00000000e3d80000)
 ParOldGen       total 53760K, used 6148K [0x0000000081c00000, 0x0000000085080000, 0x00000000d5f00000)
  object space 53760K, 11% used [0x0000000081c00000,0x0000000082201030,0x0000000085080000)
 Metaspace       used 24007K, capacity 25208K, committed 25344K, reserved 1071104K
  class space    used 2967K, capacity 3258K, committed 3328K, reserved 1048576K
}
Event: 6.389 GC heap before
{Heap before GC invocations=9 (full 1):
 PSYoungGen      total 141312K, used 139223K [0x00000000d5f00000, 0x00000000e3d80000, 0x0000000100000000)
  eden space 132608K, 100% used [0x00000000d5f00000,0x00000000de080000,0x00000000de080000)
  from space 8704K, 76% used [0x00000000de080000,0x00000000de6f5f38,0x00000000de900000)
  to   space 8704K, 0% used [0x00000000e3500000,0x00000000e3500000,0x00000000e3d80000)
 ParOldGen       total 53760K, used 6148K [0x0000000081c00000, 0x0000000085080000, 0x00000000d5f00000)
  object space 53760K, 11% used [0x0000000081c00000,0x0000000082201030,0x0000000085080000)
 Metaspace       used 29943K, capacity 31876K, committed 32128K, reserved 1077248K
  class space    used 3794K, capacity 4146K, committed 4224K, reserved 1048576K
Event: 6.403 GC heap after
Heap after GC invocations=9 (full 1):
 PSYoungGen      total 214016K, used 8681K [0x00000000d5f00000, 0x00000000e3d80000, 0x0000000100000000)
  eden space 205312K, 0% used [0x00000000d5f00000,0x00000000d5f00000,0x00000000e2780000)
  from space 8704K, 99% used [0x00000000e3500000,0x00000000e3d7a700,0x00000000e3d80000)
  to   space 10752K, 0% used [0x00000000e2880000,0x00000000e2880000,0x00000000e3300000)
 ParOldGen       total 53760K, used 7960K [0x0000000081c00000, 0x0000000085080000, 0x00000000d5f00000)
  object space 53760K, 14% used [0x0000000081c00000,0x00000000823c6350,0x0000000085080000)
 Metaspace       used 29943K, capacity 31876K, committed 32128K, reserved 1077248K
  class space    used 3794K, capacity 4146K, committed 4224K, reserved 1048576K
}

