# JRE version: Java(TM) SE Runtime Environment (8.0_261-b12) (build 1.8.0_261-b12)
# Java VM: Java HotSpot(TM) 64-Bit Server VM (25.261-b12 mixed mode windows-amd64 compressed oops)
Heap:
 PSYoungGen      total 264192K, used 31712K [0x00000000d5f00000, 0x00000000e8880000, 0x0000000100000000)
  eden space 252416K, 8% used [0x00000000d5f00000,0x00000000d72cc618,0x00000000e5580000)
  from space 11776K, 97% used [0x00000000e7d00000,0x00000000e882bb90,0x00000000e8880000)
  to   space 20480K, 0% used [0x00000000e6080000,0x00000000e6080000,0x00000000e7480000)
 ParOldGen       total 139264K, used 38186K [0x0000000081c00000, 0x000000008a400000, 0x00000000d5f00000)
  object space 139264K, 27% used [0x0000000081c00000,0x000000008414a900,0x000000008a400000)
 Metaspace       used 63453K, capacity 67138K, committed 67220K, reserved 1107968K
  class space    used 8538K, capacity 9143K, committed 9148K, reserved 1048576K
GC Heap History (10 events):
Event: 5.638 GC heap before
{Heap before GC invocations=9 (full 1):
 PSYoungGen      total 142848K, used 102380K [0x00000000d5f00000, 0x00000000e4700000, 0x0000000100000000)
  eden space 133120K, 69% used [0x00000000d5f00000,0x00000000db97f100,0x00000000de100000)
  from space 9728K, 99% used [0x00000000de100000,0x00000000dea7bf10,0x00000000dea80000)
  to   space 11776K, 0% used [0x00000000e3b80000,0x00000000e3b80000,0x00000000e4700000)
 ParOldGen       total 55296K, used 8120K [0x0000000081c00000, 0x0000000085200000, 0x00000000d5f00000)
  object space 55296K, 14% used [0x0000000081c00000,0x00000000823ee378,0x0000000085200000)
 Metaspace       used 33253K, capacity 35290K, committed 35416K, reserved 1079296K
  class space    used 4300K, capacity 4667K, committed 4736K, reserved 1048576K
Event: 5.653 GC heap after
Heap after GC invocations=9 (full 1):
 PSYoungGen      total 222720K, used 10561K [0x00000000d5f00000, 0x00000000e4680000, 0x0000000100000000)
  eden space 211456K, 0% used [0x00000000d5f00000,0x00000000d5f00000,0x00000000e2d80000)
  from space 11264K, 93% used [0x00000000e3b80000,0x00000000e45d0498,0x00000000e4680000)
  to   space 12800K, 0% used [0x00000000e2d80000,0x00000000e2d80000,0x00000000e3a00000)
 ParOldGen       total 55296K, used 8128K [0x0000000081c00000, 0x0000000085200000, 0x00000000d5f00000)
  object space 55296K, 14% used [0x0000000081c00000,0x00000000823f0378,0x0000000085200000)
 Metaspace       used 33253K, capacity 35290K, committed 35416K, reserved 1079296K
  class space    used 4300K, capacity 4667K, committed 4736K, reserved 1048576K
}
Event: 5.653 GC heap before
{Heap before GC invocations=10 (full 2):
 PSYoungGen      total 222720K, used 10561K [0x00000000d5f00000, 0x00000000e4680000, 0x0000000100000000)
  eden space 211456K, 0% used [0x00000000d5f00000,0x00000000d5f00000,0x00000000e2d80000)
  from space 11264K, 93% used [0x00000000e3b80000,0x00000000e45d0498,0x00000000e4680000)
  to   space 12800K, 0% used [0x00000000e2d80000,0x00000000e2d80000,0x00000000e3a00000)
 ParOldGen       total 55296K, used 8128K [0x0000000081c00000, 0x0000000085200000, 0x00000000d5f00000)
  object space 55296K, 14% used [0x0000000081c00000,0x00000000823f0378,0x0000000085200000)
 Metaspace       used 33253K, capacity 35290K, committed 35416K, reserved 1079296K
  class space    used 4300K, capacity 4667K, committed 4736K, reserved 1048576K
Event: 5.730 GC heap after
Heap after GC invocations=10 (full 2):
 PSYoungGen      total 222720K, used 0K [0x00000000d5f00000, 0x00000000e4680000, 0x0000000100000000)
  eden space 211456K, 0% used [0x00000000d5f00000,0x00000000d5f00000,0x00000000e2d80000)
  from space 11264K, 0% used [0x00000000e3b80000,0x00000000e3b80000,0x00000000e4680000)
  to   space 12800K, 0% used [0x00000000e2d80000,0x00000000e2d80000,0x00000000e3a00000)
 ParOldGen       total 86016K, used 15495K [0x0000000081c00000, 0x0000000087000000, 0x00000000d5f00000)
  object space 86016K, 18% used [0x0000000081c00000,0x0000000082b21c00,0x0000000087000000)
 Metaspace       used 33253K, capacity 35290K, committed 35416K, reserved 1079296K
  class space    used 4300K, capacity 4667K, committed 4736K, reserved 1048576K
}
Event: 9.679 GC heap before
{Heap before GC invocations=11 (full 2):
 PSYoungGen      total 222720K, used 210440K [0x00000000d5f00000, 0x00000000e4680000, 0x0000000100000000)
  eden space 211456K, 99% used [0x00000000d5f00000,0x00000000e2c82150,0x00000000e2d80000)
  from space 11264K, 0% used [0x00000000e3b80000,0x00000000e3b80000,0x00000000e4680000)
  to   space 12800K, 0% used [0x00000000e2d80000,0x00000000e2d80000,0x00000000e3a00000)
 ParOldGen       total 86016K, used 15495K [0x0000000081c00000, 0x0000000087000000, 0x00000000d5f00000)
  object space 86016K, 18% used [0x0000000081c00000,0x0000000082b21c00,0x0000000087000000)
 Metaspace       used 55849K, capacity 58960K, committed 59028K, reserved 1099776K
  class space    used 7542K, capacity 8086K, committed 8124K, reserved 1048576K
Event: 9.720 GC heap after
Heap after GC invocations=11 (full 2):
 PSYoungGen      total 224256K, used 12796K [0x00000000d5f00000, 0x00000000e9100000, 0x0000000100000000)
  eden space 211456K, 0% used [0x00000000d5f00000,0x00000000d5f00000,0x00000000e2d80000)
  from space 12800K, 99% used [0x00000000e2d80000,0x00000000e39ff340,0x00000000e3a00000)
  to   space 20480K, 0% used [0x00000000e7d00000,0x00000000e7d00000,0x00000000e9100000)
 ParOldGen       total 86016K, used 30275K [0x0000000081c00000, 0x0000000087000000, 0x00000000d5f00000)
  object space 86016K, 35% used [0x0000000081c00000,0x0000000083990f80,0x0000000087000000)
 Metaspace       used 55849K, capacity 58960K, committed 59028K, reserved 1099776K
  class space    used 7542K, capacity 8086K, committed 8124K, reserved 1048576K
}
Event: 9.720 GC heap before
{Heap before GC invocations=12 (full 3):
 PSYoungGen      total 224256K, used 12796K [0x00000000d5f00000, 0x00000000e9100000, 0x0000000100000000)
  eden space 211456K, 0% used [0x00000000d5f00000,0x00000000d5f00000,0x00000000e2d80000)
  from space 12800K, 99% used [0x00000000e2d80000,0x00000000e39ff340,0x00000000e3a00000)
  to   space 20480K, 0% used [0x00000000e7d00000,0x00000000e7d00000,0x00000000e9100000)
 ParOldGen       total 86016K, used 30275K [0x0000000081c00000, 0x0000000087000000, 0x00000000d5f00000)
  object space 86016K, 35% used [0x0000000081c00000,0x0000000083990f80,0x0000000087000000)
 Metaspace       used 55849K, capacity 58960K, committed 59028K, reserved 1099776K
  class space    used 7542K, capacity 8086K, committed 8124K, reserved 1048576K
Event: 9.910 GC heap after
Heap after GC invocations=12 (full 3):
 PSYoungGen      total 224256K, used 0K [0x00000000d5f00000, 0x00000000e9100000, 0x0000000100000000)
  eden space 211456K, 0% used [0x00000000d5f00000,0x00000000d5f00000,0x00000000e2d80000)
  from space 12800K, 0% used [0x00000000e2d80000,0x00000000e2d80000,0x00000000e3a00000)
  to   space 20480K, 0% used [0x00000000e7d00000,0x00000000e7d00000,0x00000000e9100000)
 ParOldGen       total 139264K, used 38178K [0x0000000081c00000, 0x000000008a400000, 0x00000000d5f00000)
  object space 139264K, 27% used [0x0000000081c00000,0x0000000084148900,0x000000008a400000)
 Metaspace       used 55849K, capacity 58960K, committed 59028K, reserved 1099776K
  class space    used 7542K, capacity 8086K, committed 8124K, reserved 1048576K
}
Event: 48.862 GC heap before
{Heap before GC invocations=13 (full 3):
 PSYoungGen      total 224256K, used 211456K [0x00000000d5f00000, 0x00000000e9100000, 0x0000000100000000)
  eden space 211456K, 100% used [0x00000000d5f00000,0x00000000e2d80000,0x00000000e2d80000)
  from space 12800K, 0% used [0x00000000e2d80000,0x00000000e2d80000,0x00000000e3a00000)
  to   space 20480K, 0% used [0x00000000e7d00000,0x00000000e7d00000,0x00000000e9100000)
 ParOldGen       total 139264K, used 38178K [0x0000000081c00000, 0x000000008a400000, 0x00000000d5f00000)
  object space 139264K, 27% used [0x0000000081c00000,0x0000000084148900,0x000000008a400000)
 Metaspace       used 62782K, capacity 66408K, committed 66708K, reserved 1107968K
  class space    used 8485K, capacity 9084K, committed 9148K, reserved 1048576K
Event: 48.877 GC heap after
Heap after GC invocations=13 (full 3):
 PSYoungGen      total 264192K, used 11438K [0x00000000d5f00000, 0x00000000e8880000, 0x0000000100000000)
  eden space 252416K, 0% used [0x00000000d5f00000,0x00000000d5f00000,0x00000000e5580000)
  from space 11776K, 97% used [0x00000000e7d00000,0x00000000e882bb90,0x00000000e8880000)
  to   space 20480K, 0% used [0x00000000e6080000,0x00000000e6080000,0x00000000e7480000)
 ParOldGen       total 139264K, used 38186K [0x0000000081c00000, 0x000000008a400000, 0x00000000d5f00000)
  object space 139264K, 27% used [0x0000000081c00000,0x000000008414a900,0x000000008a400000)
 Metaspace       used 62782K, capacity 66408K, committed 66708K, reserved 1107968K
  class space    used 8485K, capacity 9084K, committed 9148K, reserved 1048576K
}

